<?xml version="1.0" encoding="UTF-8"?>
<Site BuildName="Linux-clang++"
	BuildStamp="20251206-0004-Experimental"
	Name="Rahul"
	Generator="ctest-3.31.1"
	CompilerName="/usr/bin/clang++"
	CompilerVersion="20.1.8"
	OSName="Linux"
	Hostname="Rahul"
	OSRelease="6.6.87.2-microsoft-standard-WSL2"
	OSVersion="#1 SMP PREEMPT_DYNAMIC Thu Jun  5 18:30:46 UTC 2025"
	OSPlatform="x86_64"
	Is64Bits="1"
	VendorString="GenuineIntel"
	VendorID="Intel Corporation"
	FamilyID="6"
	ModelID="154"
	ModelName="12th Gen Intel(R) Core(TM) i7-12700H"
	ProcessorCacheSize="24576"
	NumberOfLogicalCPU="20"
	NumberOfPhysicalCPU="10"
	TotalVirtualMemory="2048"
	TotalPhysicalMemory="7787"
	LogicalProcessorsPerPhysical="2"
	ProcessorClockFrequency="2688"
	>
	<Testing>
		<StartDateTime>Dec 05 20:36 PST</StartDateTime>
		<StartTestTime>1764995796</StartTestTime>
		<TestList/>
		<EndDateTime>Dec 05 20:36 PST</EndDateTime>
		<EndTestTime>1764995796</EndTestTime>
		<ElapsedMinutes>0</ElapsedMinutes>
	</Testing>
</Site>
